Build started 6/10/2014 5:12:17 PM.
     1>Project "C:\Users\little-d00d\Dropbox\Fish Brain\HM-10 Hack\HM-10 Firmware\HM-10 Firmware\HM-10 Firmware.vcxproj" on node 2 (Build target(s)).
     1>Build:
         "C:\Program Files\IAR Systems\Embedded Workbench 6.5\common\bin\IarBuild.exe" "c:\Users\little-d00d\Dropbox\Fish Brain\HM-10 Hack\HM-10 Firmware\Projects\ble\HostTestApp\CC2540\HostTestRelease.ewp" CC2540SPI -log all
         
              IAR Command Line Build Utility V6.5.11.0
              Copyright 2002-2013 IAR Systems AB.
         
         Building configuration: HostTestRelease - CC2540SPI
         Updating build tree...
         
         hci_ext_app.c 
         icc8051.exe -f c:\Users\little-d00d\Dropbox\Fish Brain\HM-10 Hack\HM-10 Firmware\Projects\ble\HostTestApp\CC2540\..\..\config\buildComponents.cfg -f c:\Users\little-d00d\Dropbox\Fish Brain\HM-10 Hack\HM-10 Firmware\Projects\ble\HostTestApp\CC2540\buildConfig.cfg c:\Users\little-d00d\Dropbox\Fish Brain\HM-10 Hack\HM-10 Firmware\Projects\ble\HostTestApp\Source\hci_ext_app.c -D INT_HEAP_LEN=2560 -D HALNODEBUG -D OSAL_CBTIMER_NUM_TASKS=1 -D xPOWER_SAVING -D HAL_AES_DMA=TRUE -D HAL_DMA=TRUE -D HAL_UART=TRUE -D HAL_UART_DMA=0 -D HAL_UART_ISR=0 -D HAL_UART_SPI=2 -D HAL_SPI_QUEUED_TX=TRUE -D HAL_KEY=FALSE -D HAL_LCD=FALSE -D HAL_LED=TRUE -D GATT_DB_OFF_CHIP -D GAP_BOND_MGR -o c:\Users\little-d00d\Dropbox\Fish Brain\HM-10 Hack\HM-10 Firmware\Projects\ble\HostTestApp\CC2540\CC2540SPI\Obj\ -e --no_cse --no_unroll --no_inline --no_code_motion --no_tbaa --debug --core=plain --dptr=16,1 --data_model=large --code_model=banked --calling_convention=xdata_reentrant --place_constants=data_rom --nr_virtual_regs 16 -I c:\Users\little-d00d\Dropbox\Fish Brain\HM-10 Hack\HM-10 Firmware\Projects\ble\HostTestApp\CC2540\..\Source\ -I c:\Users\little-d00d\Dropbox\Fish Brain\HM-10 Hack\HM-10 Firmware\Projects\ble\HostTestApp\CC2540\..\..\common\ -I c:\Users\little-d00d\Dropbox\Fish Brain\HM-10 Hack\HM-10 Firmware\Projects\ble\HostTestApp\CC2540\..\..\..\..\Components\hal\include\ -I c:\Users\little-d00d\Dropbox\Fish Brain\HM-10 Hack\HM-10 Firmware\Projects\ble\HostTestApp\CC2540\..\..\..\..\Components\hal\target\CC2540EB\ -I c:\Users\little-d00d\Dropbox\Fish Brain\HM-10 Hack\HM-10 Firmware\Projects\ble\HostTestApp\CC2540\..\..\..\..\Components\osal\include\ -I c:\Users\little-d00d\Dropbox\Fish Brain\HM-10 Hack\HM-10 Firmware\Projects\ble\HostTestApp\CC2540\..\..\..\..\Components\services\saddr\ -I c:\Users\little-d00d\Dropbox\Fish Brain\HM-10 Hack\HM-10 Firmware\Projects\ble\HostTestApp\CC2540\..\..\..\..\Components\ble\include\ -I c:\Users\little-d00d\Dropbox\Fish Brain\HM-10 Hack\HM-10 Firmware\Projects\ble\HostTestApp\CC2540\..\..\..\..\Components\ble\controller\phy\ -I c:\Users\little-d00d\Dropbox\Fish Brain\HM-10 Hack\HM-10 Firmware\Projects\ble\HostTestApp\CC2540\..\..\..\..\Components\ble\controller\include\ -I c:\Users\little-d00d\Dropbox\Fish Brain\HM-10 Hack\HM-10 Firmware\Projects\ble\HostTestApp\CC2540\..\..\..\..\Components\ble\hci\ -I c:\Users\little-d00d\Dropbox\Fish Brain\HM-10 Hack\HM-10 Firmware\Projects\ble\HostTestApp\CC2540\..\..\..\..\Components\ble\host\ -I c:\Users\little-d00d\Dropbox\Fish Brain\HM-10 Hack\HM-10 Firmware\Projects\ble\HostTestApp\CC2540\..\..\common\cc2540\ -I c:\Users\little-d00d\Dropbox\Fish Brain\HM-10 Hack\HM-10 Firmware\Projects\ble\HostTestApp\CC2540\..\..\common\npi\npi_np\ -I c:\Users\little-d00d\Dropbox\Fish Brain\HM-10 Hack\HM-10 Firmware\Projects\ble\HostTestApp\CC2540\..\..\Include\ -I c:\Users\little-d00d\Dropbox\Fish Brain\HM-10 Hack\HM-10 Firmware\Projects\ble\HostTestApp\CC2540\..\..\Profiles\Roles\ -On
         
            IAR C/C++ Compiler V8.30.1.41636 for 8051
            Copyright 2004-2013 IAR Systems AB.
          
          19 845 bytes of CODE  memory
               6 bytes of CONST memory
             147 bytes of XDATA memory
         
         Errors: none
         Warnings: none
         
         Linking
         xlink.exe -IC:\Program Files\IAR Systems\Embedded Workbench 6.5\8051\CONFIG\ -D_NR_OF_BANKS=0x07 -D_CODEBANK_END=0xFFFF -D_CODEBANK_START=0x8000 -D?CBANK_MASK=0xFF -D?CBANK=0x9F c:\Users\little-d00d\Dropbox\Fish Brain\HM-10 Hack\HM-10 Firmware\Projects\ble\Libraries\CC2540DB\bin\CC2540_BLE.lib c:\Users\little-d00d\Dropbox\Fish Brain\HM-10 Hack\HM-10 Firmware\Projects\ble\Libraries\Common\bin\CC254x_BLE_HCI_TL_Full.lib c:\Users\little-d00d\Dropbox\Fish Brain\HM-10 Hack\HM-10 Firmware\Projects\ble\HostTestApp\CC2540\CC2540SPI\Obj\HostTest_Main.r51 c:\Users\little-d00d\Dropbox\Fish Brain\HM-10 Hack\HM-10 Firmware\Projects\ble\HostTestApp\CC2540\CC2540SPI\Obj\OSAL.r51 c:\Users\little-d00d\Dropbox\Fish Brain\HM-10 Hack\HM-10 Firmware\Projects\ble\HostTestApp\CC2540\CC2540SPI\Obj\OSAL_ClockBLE.r51 c:\Users\little-d00d\Dropbox\Fish Brain\HM-10 Hack\HM-10 Firmware\Projects\ble\HostTestApp\CC2540\CC2540SPI\Obj\OSAL_HostTest.r51 c:\Users\little-d00d\Dropbox\Fish Brain\HM-10 Hack\HM-10 Firmware\Projects\ble\HostTestApp\CC2540\CC2540SPI\Obj\OSAL_Memory.r51 c:\Users\little-d00d\Dropbox\Fish Brain\HM-10 Hack\HM-10 Firmware\Projects\ble\HostTestApp\CC2540\CC2540SPI\Obj\OSAL_PwrMgr.r51 c:\Users\little-d00d\Dropbox\Fish Brain\HM-10 Hack\HM-10 Firmware\Projects\ble\HostTestApp\CC2540\CC2540SPI\Obj\OSAL_Timers.r51 c:\Users\little-d00d\Dropbox\Fish Brain\HM-10 Hack\HM-10 Firmware\Projects\ble\HostTestApp\CC2540\CC2540SPI\Obj\OnBoard.r51 c:\Users\little-d00d\Dropbox\Fish Brain\HM-10 Hack\HM-10 Firmware\Projects\ble\HostTestApp\CC2540\CC2540SPI\Obj\gap.r51 c:\Users\little-d00d\Dropbox\Fish Brain\HM-10 Hack\HM-10 Firmware\Projects\ble\HostTestApp\CC2540\CC2540SPI\Obj\gapbondmgr.r51 c:\Users\little-d00d\Dropbox\Fish Brain\HM-10 Hack\HM-10 Firmware\Projects\ble\HostTestApp\CC2540\CC2540SPI\Obj\gatt_uuid.r51 c:\Users\little-d00d\Dropbox\Fish Brain\HM-10 Hack\HM-10 Firmware\Projects\ble\HostTestApp\CC2540\CC2540SPI\Obj\hal_adc.r51 c:\Users\little-d00d\Dropbox\Fish Brain\HM-10 Hack\HM-10 Firmware\Projects\ble\HostTestApp\CC2540\CC2540SPI\Obj\hal_aes.r51 c:\Users\little-d00d\Dropbox\Fish Brain\HM-10 Hack\HM-10 Firmware\Projects\ble\HostTestApp\CC2540\CC2540SPI\Obj\hal_dma.r51 c:\Users\little-d00d\Dropbox\Fish Brain\HM-10 Hack\HM-10 Firmware\Projects\ble\HostTestApp\CC2540\CC2540SPI\Obj\hal_drivers.r51 c:\Users\little-d00d\Dropbox\Fish Brain\HM-10 Hack\HM-10 Firmware\Projects\ble\HostTestApp\CC2540\CC2540SPI\Obj\hal_flash.r51 c:\Users\little-d00d\Dropbox\Fish Brain\HM-10 Hack\HM-10 Firmware\Projects\ble\HostTestApp\CC2540\CC2540SPI\Obj\hal_key.r51 c:\Users\little-d00d\Dropbox\Fish Brain\HM-10 Hack\HM-10 Firmware\Projects\ble\HostTestApp\CC2540\CC2540SPI\Obj\hal_lcd.r51 c:\Users\little-d00d\Dropbox\Fish Brain\HM-10 Hack\HM-10 Firmware\Projects\ble\HostTestApp\CC2540\CC2540SPI\Obj\hal_led.r51 c:\Users\little-d00d\Dropbox\Fish Brain\HM-10 Hack\HM-10 Firmware\Projects\ble\HostTestApp\CC2540\CC2540SPI\Obj\hal_sleep.r51 c:\Users\little-d00d\Dropbox\Fish Brain\HM-10 Hack\HM-10 Firmware\Projects\ble\HostTestApp\CC2540\CC2540SPI\Obj\hal_startup.r51 c:\Users\little-d00d\Dropbox\Fish Brain\HM-10 Hack\HM-10 Firmware\Projects\ble\HostTestApp\CC2540\CC2540SPI\Obj\hal_uart.r51 c:\Users\little-d00d\Dropbox\Fish Brain\HM-10 Hack\HM-10 Firmware\Projects\ble\HostTestApp\CC2540\CC2540SPI\Obj\hci_ext_app.r51 c:\Users\little-d00d\Dropbox\Fish Brain\HM-10 Hack\HM-10 Firmware\Projects\ble\HostTestApp\CC2540\CC2540SPI\Obj\npi.r51 c:\Users\little-d00d\Dropbox\Fish Brain\HM-10 Hack\HM-10 Firmware\Projects\ble\HostTestApp\CC2540\CC2540SPI\Obj\osal_bufmgr.r51 c:\Users\little-d00d\Dropbox\Fish Brain\HM-10 Hack\HM-10 Firmware\Projects\ble\HostTestApp\CC2540\CC2540SPI\Obj\osal_cbtimer.r51 c:\Users\little-d00d\Dropbox\Fish Brain\HM-10 Hack\HM-10 Firmware\Projects\ble\HostTestApp\CC2540\CC2540SPI\Obj\osal_snv.r51 c:\Users\little-d00d\Dropbox\Fish Brain\HM-10 Hack\HM-10 Firmware\Projects\ble\HostTestApp\CC2540\CC2540SPI\Obj\spi_interface.r51 -o c:\Users\little-d00d\Dropbox\Fish Brain\HM-10 Hack\HM-10 Firmware\Projects\ble\HostTestApp\CC2540\CC2540SPI\Exe\HostTestRelease.d51 -l c:\Users\little-d00d\Dropbox\Fish Brain\HM-10 Hack\HM-10 Firmware\Projects\ble\HostTestApp\CC2540\CC2540SPI\List\HostTestRelease.map -xmsn -f c:\Users\little-d00d\Dropbox\Fish Brain\HM-10 Hack\HM-10 Firmware\Projects\ble\HostTestApp\CC2540\..\..\common\cc2540\ti_51ew_cc2540b.xcl -D_NR_OF_VIRTUAL_REGISTERS=10 -D?PBANK=0x93 -e?BCALL_FF=?BCALL -e?BRET_FF=?BRET -e?BDISPATCH_FF=?BDISPATCH -e_small_write=_formatted_write -e_medium_read=_formatted_read -rt -Ointel-extended=c:\Users\little-d00d\Dropbox\Fish Brain\HM-10 Hack\HM-10 Firmware\Projects\ble\HostTestApp\CC2540\hex\HostTestReleaseCC2540-SPI.hex -s __program_start C:\Program Files\IAR Systems\Embedded Workbench 6.5\8051\LIB\CLIB\cl-pli-blxd-1e16x01.r51 -D_IDATA_STACK_SIZE=0xC0 -D?ESP=0 -D?ESP_MASK=0 -D_EXTENDED_STACK_START=0 -D_EXTENDED_STACK_SIZE=0 -D_PDATA_STACK_SIZE=0x00 -D_XDATA_STACK_SIZE=0x280 -D_XDATA_HEAP_SIZE=0xFF -D_FAR_HEAP_SIZE=0xFFF -D_HUGE_HEAP_SIZE=0xFFF -D_FAR22_HEAP_SIZE=0xFFF
         
              IAR Universal Linker V5.7.0.39
              Copyright 1987-2013 IAR Systems AB.
         
          170 345 bytes of CODE  memory
               34 bytes of DATA  memory (+ 80 absolute )
            7 921 bytes of XDATA memory
              194 bytes of IDATA memory
                8 bits  of BIT   memory
            4 373 bytes of CONST memory
         
         Errors: none
         Warnings: none
         
         
         Total number of errors: 0
         Total number of warnings: 0
     1>Done Building Project "C:\Users\little-d00d\Dropbox\Fish Brain\HM-10 Hack\HM-10 Firmware\HM-10 Firmware\HM-10 Firmware.vcxproj" (Build target(s)).

Build succeeded.

Time Elapsed 00:00:25.40
